('X_train original shape', (60000, 28, 28))
('y_train original shape', (60000,))
('Training matrix shape', (60000, 784))
('Training target matrix shape', (60000, 10))
('Testing matrix shape', (10000, 784))
('Testing target matrix shape', (10000, 10))
Dropout prob: 0.1
Train on 51000 samples, validate on 9000 samples
Epoch 1/10
 - 11s - loss: 0.2562 - acc: 0.9238 - val_loss: 0.1321 - val_acc: 0.9606
Epoch 2/10
 - 11s - loss: 0.0943 - acc: 0.9710 - val_loss: 0.0803 - val_acc: 0.9759
Epoch 3/10
 - 11s - loss: 0.0631 - acc: 0.9801 - val_loss: 0.0683 - val_acc: 0.9800
Epoch 4/10
 - 11s - loss: 0.0471 - acc: 0.9851 - val_loss: 0.0734 - val_acc: 0.9790
Epoch 5/10
 - 12s - loss: 0.0361 - acc: 0.9888 - val_loss: 0.0755 - val_acc: 0.9788
Epoch 6/10
 - 11s - loss: 0.0306 - acc: 0.9896 - val_loss: 0.0718 - val_acc: 0.9809
Epoch 7/10
 - 11s - loss: 0.0254 - acc: 0.9913 - val_loss: 0.1002 - val_acc: 0.9764
Epoch 8/10
 - 11s - loss: 0.0246 - acc: 0.9914 - val_loss: 0.0821 - val_acc: 0.9789
Epoch 9/10
 - 11s - loss: 0.0198 - acc: 0.9935 - val_loss: 0.0808 - val_acc: 0.9810
Epoch 10/10
 - 11s - loss: 0.0210 - acc: 0.9930 - val_loss: 0.0805 - val_acc: 0.9803
('Test accuracy:', 0.98089999999999999)
##########################
Dropout prob: 0.2
Train on 51000 samples, validate on 9000 samples
Epoch 1/10
 - 12s - loss: 0.2742 - acc: 0.9165 - val_loss: 0.1064 - val_acc: 0.9691
Epoch 2/10
 - 11s - loss: 0.1073 - acc: 0.9669 - val_loss: 0.0871 - val_acc: 0.9739
Epoch 3/10
 - 11s - loss: 0.0754 - acc: 0.9767 - val_loss: 0.0744 - val_acc: 0.9774
Epoch 4/10
 - 12s - loss: 0.0595 - acc: 0.9809 - val_loss: 0.0795 - val_acc: 0.9759
Epoch 5/10
 - 11s - loss: 0.0476 - acc: 0.9847 - val_loss: 0.0689 - val_acc: 0.9798
Epoch 6/10
 - 11s - loss: 0.0395 - acc: 0.9867 - val_loss: 0.0837 - val_acc: 0.9783
Epoch 7/10
 - 11s - loss: 0.0351 - acc: 0.9883 - val_loss: 0.0703 - val_acc: 0.9823
Epoch 8/10
 - 11s - loss: 0.0293 - acc: 0.9903 - val_loss: 0.0815 - val_acc: 0.9801
Epoch 9/10
 - 12s - loss: 0.0280 - acc: 0.9900 - val_loss: 0.0808 - val_acc: 0.9812
Epoch 10/10
 - 11s - loss: 0.0258 - acc: 0.9913 - val_loss: 0.0804 - val_acc: 0.9788
('Test accuracy:', 0.9819)
##########################
Dropout prob: 0.4
Train on 51000 samples, validate on 9000 samples
Epoch 1/10
 - 12s - loss: 0.3295 - acc: 0.8992 - val_loss: 0.1163 - val_acc: 0.9649
Epoch 2/10
 - 11s - loss: 0.1447 - acc: 0.9557 - val_loss: 0.0939 - val_acc: 0.9719
Epoch 3/10
 - 11s - loss: 0.1100 - acc: 0.9666 - val_loss: 0.0761 - val_acc: 0.9771
Epoch 4/10
 - 11s - loss: 0.0904 - acc: 0.9723 - val_loss: 0.0784 - val_acc: 0.9758
Epoch 5/10
 - 11s - loss: 0.0783 - acc: 0.9757 - val_loss: 0.0660 - val_acc: 0.9808
Epoch 6/10
 - 11s - loss: 0.0696 - acc: 0.9773 - val_loss: 0.0627 - val_acc: 0.9811
Epoch 7/10
 - 14s - loss: 0.0609 - acc: 0.9805 - val_loss: 0.0619 - val_acc: 0.9829
Epoch 8/10
 - 11s - loss: 0.0544 - acc: 0.9822 - val_loss: 0.0656 - val_acc: 0.9816
Epoch 9/10
 - 11s - loss: 0.0524 - acc: 0.9825 - val_loss: 0.0641 - val_acc: 0.9821
Epoch 10/10
 - 12s - loss: 0.0466 - acc: 0.9849 - val_loss: 0.0598 - val_acc: 0.9822
('Test accuracy:', 0.98029999999999995)
##########################
[0.98089999999999999, 0.9819, 0.98029999999999995] [0.019760024528731317, 0.025795578028933674, 0.046587033670176477]

Activation function: sigmoid
Train on 51000 samples, validate on 9000 samples
Epoch 1/10
 - 12s - loss: 0.6021 - acc: 0.8138 - val_loss: 0.2579 - val_acc: 0.9218
Epoch 2/10
 - 12s - loss: 0.2674 - acc: 0.9199 - val_loss: 0.1868 - val_acc: 0.9459
Epoch 3/10
 - 12s - loss: 0.2016 - acc: 0.9389 - val_loss: 0.1445 - val_acc: 0.9580
Epoch 4/10
 - 13s - loss: 0.1621 - acc: 0.9517 - val_loss: 0.1230 - val_acc: 0.9634
Epoch 5/10
 - 15s - loss: 0.1320 - acc: 0.9598 - val_loss: 0.1033 - val_acc: 0.9693
Epoch 6/10
 - 14s - loss: 0.1075 - acc: 0.9672 - val_loss: 0.0936 - val_acc: 0.9718
Epoch 7/10
 - 12s - loss: 0.0905 - acc: 0.9718 - val_loss: 0.0843 - val_acc: 0.9741
Epoch 8/10
 - 12s - loss: 0.0781 - acc: 0.9757 - val_loss: 0.0823 - val_acc: 0.9751
Epoch 9/10
 - 15s - loss: 0.0678 - acc: 0.9787 - val_loss: 0.0726 - val_acc: 0.9789
Epoch 10/10
 - 12s - loss: 0.0599 - acc: 0.9810 - val_loss: 0.0734 - val_acc: 0.9786
('Test accuracy:', 0.97760000000000002)
##########################
Activation function: relu
Train on 51000 samples, validate on 9000 samples
Epoch 1/10
 - 11s - loss: 0.2755 - acc: 0.9165 - val_loss: 0.1062 - val_acc: 0.9682
Epoch 2/10
 - 11s - loss: 0.1083 - acc: 0.9659 - val_loss: 0.0882 - val_acc: 0.9746
Epoch 3/10
 - 13s - loss: 0.0758 - acc: 0.9759 - val_loss: 0.0752 - val_acc: 0.9779
Epoch 4/10
 - 12s - loss: 0.0591 - acc: 0.9809 - val_loss: 0.0807 - val_acc: 0.9754
Epoch 5/10
 - 12s - loss: 0.0477 - acc: 0.9842 - val_loss: 0.0652 - val_acc: 0.9817
Epoch 6/10
 - 12s - loss: 0.0390 - acc: 0.9870 - val_loss: 0.0743 - val_acc: 0.9794
Epoch 7/10
 - 15s - loss: 0.0337 - acc: 0.9889 - val_loss: 0.0714 - val_acc: 0.9808
Epoch 8/10
 - 12s - loss: 0.0293 - acc: 0.9901 - val_loss: 0.0751 - val_acc: 0.9794
Epoch 9/10
 - 12s - loss: 0.0291 - acc: 0.9906 - val_loss: 0.0757 - val_acc: 0.9802
Epoch 10/10
 - 12s - loss: 0.0253 - acc: 0.9914 - val_loss: 0.0776 - val_acc: 0.9817
('Test accuracy:', 0.98129999999999995)
##########################
Activation function: tanh
Train on 51000 samples, validate on 9000 samples
Epoch 1/10
 - 12s - loss: 0.3411 - acc: 0.8959 - val_loss: 0.1794 - val_acc: 0.9494
Epoch 2/10
 - 12s - loss: 0.1809 - acc: 0.9450 - val_loss: 0.1353 - val_acc: 0.9616
Epoch 3/10
 - 12s - loss: 0.1285 - acc: 0.9603 - val_loss: 0.0981 - val_acc: 0.9700
Epoch 4/10
 - 12s - loss: 0.1018 - acc: 0.9682 - val_loss: 0.0958 - val_acc: 0.9703
Epoch 5/10
 - 13s - loss: 0.0832 - acc: 0.9731 - val_loss: 0.0872 - val_acc: 0.9737
Epoch 6/10
 - 15s - loss: 0.0678 - acc: 0.9786 - val_loss: 0.0737 - val_acc: 0.9769
Epoch 7/10
 - 13s - loss: 0.0581 - acc: 0.9814 - val_loss: 0.0799 - val_acc: 0.9757
Epoch 8/10
 - 12s - loss: 0.0528 - acc: 0.9821 - val_loss: 0.0783 - val_acc: 0.9783
Epoch 9/10
 - 12s - loss: 0.0458 - acc: 0.9852 - val_loss: 0.0733 - val_acc: 0.9792
Epoch 10/10
 - 12s - loss: 0.0381 - acc: 0.9874 - val_loss: 0.0732 - val_acc: 0.9786
('Test accuracy:', 0.97829999999999995)
##########################
[0.97760000000000002, 0.98129999999999995, 0.97829999999999995] [0.059880601884687648, 0.025310370001284516, 0.038082204779281335]

Training for 100 epochs
Train on 51000 samples, validate on 9000 samples
Epoch 1/100
 - 12s - loss: 0.2703 - acc: 0.9189 - val_loss: 0.1032 - val_acc: 0.9697
Epoch 2/100
 - 13s - loss: 0.1096 - acc: 0.9662 - val_loss: 0.0820 - val_acc: 0.9756
Epoch 3/100
 - 12s - loss: 0.0756 - acc: 0.9763 - val_loss: 0.0794 - val_acc: 0.9752
Epoch 4/100
 - 12s - loss: 0.0602 - acc: 0.9805 - val_loss: 0.0767 - val_acc: 0.9793
Epoch 5/100
 - 11s - loss: 0.0451 - acc: 0.9853 - val_loss: 0.0716 - val_acc: 0.9799
Epoch 6/100
 - 12s - loss: 0.0399 - acc: 0.9868 - val_loss: 0.0712 - val_acc: 0.9803
Epoch 7/100
 - 12s - loss: 0.0344 - acc: 0.9885 - val_loss: 0.0716 - val_acc: 0.9816
Epoch 8/100
 - 12s - loss: 0.0302 - acc: 0.9900 - val_loss: 0.0787 - val_acc: 0.9782
Epoch 9/100
 - 12s - loss: 0.0306 - acc: 0.9899 - val_loss: 0.0704 - val_acc: 0.9817
Epoch 10/100
 - 12s - loss: 0.0268 - acc: 0.9913 - val_loss: 0.0836 - val_acc: 0.9794
Epoch 11/100
 - 12s - loss: 0.0234 - acc: 0.9922 - val_loss: 0.0663 - val_acc: 0.9837
Epoch 12/100
 - 12s - loss: 0.0201 - acc: 0.9927 - val_loss: 0.0778 - val_acc: 0.9806
Epoch 13/100
 - 12s - loss: 0.0224 - acc: 0.9923 - val_loss: 0.0809 - val_acc: 0.9810
Epoch 14/100
 - 13s - loss: 0.0206 - acc: 0.9926 - val_loss: 0.0734 - val_acc: 0.9823
Epoch 15/100
 - 12s - loss: 0.0177 - acc: 0.9944 - val_loss: 0.0798 - val_acc: 0.9831
Epoch 16/100
 - 13s - loss: 0.0143 - acc: 0.9950 - val_loss: 0.0930 - val_acc: 0.9789
Epoch 17/100
 - 13s - loss: 0.0195 - acc: 0.9932 - val_loss: 0.0826 - val_acc: 0.9816
Epoch 18/100
 - 12s - loss: 0.0165 - acc: 0.9946 - val_loss: 0.0834 - val_acc: 0.9824
Epoch 19/100
 - 12s - loss: 0.0162 - acc: 0.9944 - val_loss: 0.0888 - val_acc: 0.9823
Epoch 20/100
 - 12s - loss: 0.0154 - acc: 0.9945 - val_loss: 0.0800 - val_acc: 0.9841
Epoch 21/100
 - 12s - loss: 0.0130 - acc: 0.9958 - val_loss: 0.0754 - val_acc: 0.9831
Epoch 22/100
 - 12s - loss: 0.0146 - acc: 0.9951 - val_loss: 0.1038 - val_acc: 0.9803
Epoch 23/100
 - 11s - loss: 0.0135 - acc: 0.9958 - val_loss: 0.0798 - val_acc: 0.9828
Epoch 24/100
 - 11s - loss: 0.0127 - acc: 0.9960 - val_loss: 0.0959 - val_acc: 0.9819
Epoch 25/100
 - 12s - loss: 0.0154 - acc: 0.9952 - val_loss: 0.0823 - val_acc: 0.9843
Epoch 26/100
 - 12s - loss: 0.0123 - acc: 0.9961 - val_loss: 0.0935 - val_acc: 0.9824
Epoch 27/100
 - 12s - loss: 0.0139 - acc: 0.9957 - val_loss: 0.1010 - val_acc: 0.9819
Epoch 28/100
 - 12s - loss: 0.0129 - acc: 0.9958 - val_loss: 0.0974 - val_acc: 0.9829
Epoch 29/100
 - 12s - loss: 0.0122 - acc: 0.9962 - val_loss: 0.1036 - val_acc: 0.9816
Epoch 30/100
 - 11s - loss: 0.0099 - acc: 0.9967 - val_loss: 0.0952 - val_acc: 0.9827
Epoch 31/100
 - 12s - loss: 0.0108 - acc: 0.9969 - val_loss: 0.0902 - val_acc: 0.9836
Epoch 32/100
 - 11s - loss: 0.0121 - acc: 0.9962 - val_loss: 0.1103 - val_acc: 0.9817
Epoch 33/100
 - 12s - loss: 0.0148 - acc: 0.9953 - val_loss: 0.0953 - val_acc: 0.9811
Epoch 34/100
 - 13s - loss: 0.0112 - acc: 0.9967 - val_loss: 0.0791 - val_acc: 0.9856
Epoch 35/100
 - 17s - loss: 0.0092 - acc: 0.9969 - val_loss: 0.0803 - val_acc: 0.9830
Epoch 36/100
 - 13s - loss: 0.0098 - acc: 0.9970 - val_loss: 0.1033 - val_acc: 0.9820
Epoch 37/100
 - 13s - loss: 0.0110 - acc: 0.9965 - val_loss: 0.1055 - val_acc: 0.9824
Epoch 38/100
 - 11s - loss: 0.0123 - acc: 0.9962 - val_loss: 0.1107 - val_acc: 0.9827
Epoch 39/100
 - 11s - loss: 0.0139 - acc: 0.9961 - val_loss: 0.0909 - val_acc: 0.9840
Epoch 40/100
 - 11s - loss: 0.0093 - acc: 0.9970 - val_loss: 0.0934 - val_acc: 0.9826
Epoch 41/100
 - 11s - loss: 0.0086 - acc: 0.9972 - val_loss: 0.1074 - val_acc: 0.9823
Epoch 42/100
 - 12s - loss: 0.0085 - acc: 0.9971 - val_loss: 0.1007 - val_acc: 0.9830
Epoch 43/100
 - 11s - loss: 0.0106 - acc: 0.9967 - val_loss: 0.0959 - val_acc: 0.9838
Epoch 44/100
 - 12s - loss: 0.0102 - acc: 0.9971 - val_loss: 0.0925 - val_acc: 0.9858
Epoch 45/100
 - 12s - loss: 0.0091 - acc: 0.9973 - val_loss: 0.1003 - val_acc: 0.9838
Epoch 46/100
 - 12s - loss: 0.0077 - acc: 0.9976 - val_loss: 0.0950 - val_acc: 0.9838
Epoch 47/100
 - 11s - loss: 0.0101 - acc: 0.9967 - val_loss: 0.1016 - val_acc: 0.9838
Epoch 48/100
 - 11s - loss: 0.0108 - acc: 0.9970 - val_loss: 0.1024 - val_acc: 0.9823
Epoch 49/100
 - 11s - loss: 0.0109 - acc: 0.9971 - val_loss: 0.0942 - val_acc: 0.9856
Epoch 50/100
 - 11s - loss: 0.0067 - acc: 0.9979 - val_loss: 0.1041 - val_acc: 0.9838
Epoch 51/100
 - 11s - loss: 0.0098 - acc: 0.9973 - val_loss: 0.1101 - val_acc: 0.9832
Epoch 52/100
 - 11s - loss: 0.0091 - acc: 0.9976 - val_loss: 0.1131 - val_acc: 0.9839
Epoch 53/100
 - 11s - loss: 0.0101 - acc: 0.9972 - val_loss: 0.1152 - val_acc: 0.9839
Epoch 54/100
 - 11s - loss: 0.0090 - acc: 0.9975 - val_loss: 0.1234 - val_acc: 0.9818
Epoch 55/100
 - 11s - loss: 0.0147 - acc: 0.9965 - val_loss: 0.1156 - val_acc: 0.9831
Epoch 56/100
 - 11s - loss: 0.0105 - acc: 0.9969 - val_loss: 0.1124 - val_acc: 0.9824
Epoch 57/100
 - 11s - loss: 0.0080 - acc: 0.9976 - val_loss: 0.1020 - val_acc: 0.9834
Epoch 58/100
 - 11s - loss: 0.0077 - acc: 0.9980 - val_loss: 0.1110 - val_acc: 0.9839
Epoch 59/100
 - 11s - loss: 0.0068 - acc: 0.9981 - val_loss: 0.1123 - val_acc: 0.9817
Epoch 60/100
 - 12s - loss: 0.0100 - acc: 0.9973 - val_loss: 0.1082 - val_acc: 0.9850
Epoch 61/100
 - 12s - loss: 0.0092 - acc: 0.9971 - val_loss: 0.1190 - val_acc: 0.9838
Epoch 62/100
 - 12s - loss: 0.0082 - acc: 0.9979 - val_loss: 0.1128 - val_acc: 0.9837
Epoch 63/100
 - 12s - loss: 0.0084 - acc: 0.9976 - val_loss: 0.1313 - val_acc: 0.9833
Epoch 64/100
 - 12s - loss: 0.0100 - acc: 0.9971 - val_loss: 0.1260 - val_acc: 0.9832
Epoch 65/100
 - 12s - loss: 0.0107 - acc: 0.9972 - val_loss: 0.1253 - val_acc: 0.9833
Epoch 66/100
 - 12s - loss: 0.0074 - acc: 0.9980 - val_loss: 0.1136 - val_acc: 0.9837
Epoch 67/100
 - 11s - loss: 0.0074 - acc: 0.9978 - val_loss: 0.1024 - val_acc: 0.9842
Epoch 68/100
 - 11s - loss: 0.0089 - acc: 0.9976 - val_loss: 0.1064 - val_acc: 0.9843
Epoch 69/100
 - 12s - loss: 0.0068 - acc: 0.9980 - val_loss: 0.1195 - val_acc: 0.9839
Epoch 70/100
 - 11s - loss: 0.0106 - acc: 0.9973 - val_loss: 0.1165 - val_acc: 0.9841
Epoch 71/100
 - 11s - loss: 0.0101 - acc: 0.9971 - val_loss: 0.1214 - val_acc: 0.9843
Epoch 72/100
 - 12s - loss: 0.0097 - acc: 0.9977 - val_loss: 0.1284 - val_acc: 0.9828
Epoch 73/100
 - 11s - loss: 0.0075 - acc: 0.9982 - val_loss: 0.1176 - val_acc: 0.9844
Epoch 74/100
 - 12s - loss: 0.0069 - acc: 0.9983 - val_loss: 0.1272 - val_acc: 0.9834
Epoch 75/100
 - 11s - loss: 0.0073 - acc: 0.9981 - val_loss: 0.1343 - val_acc: 0.9837
Epoch 76/100
 - 11s - loss: 0.0093 - acc: 0.9975 - val_loss: 0.1299 - val_acc: 0.9840
Epoch 77/100
 - 11s - loss: 0.0077 - acc: 0.9980 - val_loss: 0.1342 - val_acc: 0.9836
Epoch 78/100
 - 11s - loss: 0.0079 - acc: 0.9981 - val_loss: 0.1247 - val_acc: 0.9831
Epoch 79/100
 - 11s - loss: 0.0084 - acc: 0.9978 - val_loss: 0.1322 - val_acc: 0.9824
Epoch 80/100
 - 11s - loss: 0.0104 - acc: 0.9976 - val_loss: 0.1218 - val_acc: 0.9832
Epoch 81/100
 - 12s - loss: 0.0104 - acc: 0.9972 - val_loss: 0.1139 - val_acc: 0.9853
Epoch 82/100
 - 12s - loss: 0.0069 - acc: 0.9980 - val_loss: 0.1358 - val_acc: 0.9832
Epoch 83/100
 - 11s - loss: 0.0116 - acc: 0.9972 - val_loss: 0.1266 - val_acc: 0.9834
Epoch 84/100
 - 11s - loss: 0.0086 - acc: 0.9981 - val_loss: 0.1290 - val_acc: 0.9831
Epoch 85/100
 - 11s - loss: 0.0067 - acc: 0.9982 - val_loss: 0.1222 - val_acc: 0.9847
Epoch 86/100
 - 11s - loss: 0.0084 - acc: 0.9978 - val_loss: 0.1226 - val_acc: 0.9850
Epoch 87/100
 - 11s - loss: 0.0065 - acc: 0.9981 - val_loss: 0.1256 - val_acc: 0.9849
Epoch 88/100
 - 11s - loss: 0.0066 - acc: 0.9983 - val_loss: 0.1260 - val_acc: 0.9832
Epoch 89/100
 - 12s - loss: 0.0060 - acc: 0.9987 - val_loss: 0.1232 - val_acc: 0.9846
Epoch 90/100
 - 11s - loss: 0.0076 - acc: 0.9979 - val_loss: 0.1373 - val_acc: 0.9824
Epoch 91/100
 - 12s - loss: 0.0062 - acc: 0.9982 - val_loss: 0.1284 - val_acc: 0.9846
Epoch 92/100
 - 11s - loss: 0.0078 - acc: 0.9979 - val_loss: 0.1277 - val_acc: 0.9836
Epoch 93/100
 - 12s - loss: 0.0088 - acc: 0.9980 - val_loss: 0.1399 - val_acc: 0.9832
Epoch 94/100
 - 12s - loss: 0.0070 - acc: 0.9980 - val_loss: 0.1297 - val_acc: 0.9843
Epoch 95/100
 - 12s - loss: 0.0052 - acc: 0.9985 - val_loss: 0.1320 - val_acc: 0.9830
Epoch 96/100
 - 12s - loss: 0.0056 - acc: 0.9985 - val_loss: 0.1322 - val_acc: 0.9827
Epoch 97/100
 - 11s - loss: 0.0091 - acc: 0.9978 - val_loss: 0.1413 - val_acc: 0.9832
Epoch 98/100
 - 11s - loss: 0.0118 - acc: 0.9974 - val_loss: 0.1504 - val_acc: 0.9838
Epoch 99/100
 - 11s - loss: 0.0110 - acc: 0.9975 - val_loss: 0.1228 - val_acc: 0.9861
Epoch 100/100
 - 11s - loss: 0.0076 - acc: 0.9980 - val_loss: 0.1486 - val_acc: 0.9829
('Test accuracy:', 0.98180000000000001)
##########################

Training for 100 epochs with earlystopping
Train on 51000 samples, validate on 9000 samples
Epoch 1/100
 - 12s - loss: 0.2730 - acc: 0.9184 - val_loss: 0.1065 - val_acc: 0.9671
Epoch 2/100
 - 13s - loss: 0.1101 - acc: 0.9660 - val_loss: 0.0831 - val_acc: 0.9747
Epoch 3/100
 - 12s - loss: 0.0775 - acc: 0.9757 - val_loss: 0.0806 - val_acc: 0.9760
Epoch 4/100
 - 12s - loss: 0.0579 - acc: 0.9821 - val_loss: 0.0787 - val_acc: 0.9780
Epoch 5/100
 - 12s - loss: 0.0489 - acc: 0.9845 - val_loss: 0.0683 - val_acc: 0.9814
Epoch 6/100
 - 11s - loss: 0.0397 - acc: 0.9869 - val_loss: 0.0742 - val_acc: 0.9779
Epoch 7/100
 - 12s - loss: 0.0368 - acc: 0.9881 - val_loss: 0.0729 - val_acc: 0.9800
Epoch 8/100
 - 11s - loss: 0.0300 - acc: 0.9902 - val_loss: 0.0664 - val_acc: 0.9828
Epoch 9/100
 - 11s - loss: 0.0299 - acc: 0.9902 - val_loss: 0.0752 - val_acc: 0.9801
Epoch 10/100
 - 12s - loss: 0.0250 - acc: 0.9913 - val_loss: 0.0698 - val_acc: 0.9824
Epoch 11/100
 - 11s - loss: 0.0237 - acc: 0.9923 - val_loss: 0.0698 - val_acc: 0.9807
Epoch 12/100
 - 11s - loss: 0.0213 - acc: 0.9927 - val_loss: 0.0805 - val_acc: 0.9798
Epoch 13/100
 - 11s - loss: 0.0236 - acc: 0.9921 - val_loss: 0.0867 - val_acc: 0.9808
Epoch 14/100
 - 11s - loss: 0.0183 - acc: 0.9940 - val_loss: 0.0827 - val_acc: 0.9827
Epoch 15/100
 - 11s - loss: 0.0182 - acc: 0.9938 - val_loss: 0.0791 - val_acc: 0.9823
Epoch 16/100
 - 11s - loss: 0.0186 - acc: 0.9937 - val_loss: 0.0870 - val_acc: 0.9818
Epoch 17/100
 - 11s - loss: 0.0185 - acc: 0.9941 - val_loss: 0.0960 - val_acc: 0.9793
Epoch 18/100
 - 11s - loss: 0.0153 - acc: 0.9948 - val_loss: 0.0826 - val_acc: 0.9834
Epoch 19/100
 - 13s - loss: 0.0139 - acc: 0.9953 - val_loss: 0.0839 - val_acc: 0.9819
Epoch 20/100
 - 16s - loss: 0.0141 - acc: 0.9952 - val_loss: 0.0962 - val_acc: 0.9820
Epoch 21/100
 - 12s - loss: 0.0161 - acc: 0.9947 - val_loss: 0.0891 - val_acc: 0.9837
Epoch 22/100
 - 11s - loss: 0.0117 - acc: 0.9962 - val_loss: 0.0879 - val_acc: 0.9834
Epoch 23/100
 - 11s - loss: 0.0162 - acc: 0.9949 - val_loss: 0.1053 - val_acc: 0.9814
Epoch 24/100
 - 11s - loss: 0.0155 - acc: 0.9951 - val_loss: 0.0960 - val_acc: 0.9819
Epoch 25/100
 - 11s - loss: 0.0147 - acc: 0.9951 - val_loss: 0.0947 - val_acc: 0.9826
Epoch 26/100
 - 11s - loss: 0.0129 - acc: 0.9959 - val_loss: 0.0934 - val_acc: 0.9814
Epoch 27/100
 - 13s - loss: 0.0107 - acc: 0.9963 - val_loss: 0.0840 - val_acc: 0.9843
Epoch 28/100
 - 16s - loss: 0.0146 - acc: 0.9956 - val_loss: 0.0990 - val_acc: 0.9824
Epoch 29/100
 - 19s - loss: 0.0111 - acc: 0.9967 - val_loss: 0.0963 - val_acc: 0.9818
Epoch 30/100
 - 21s - loss: 0.0095 - acc: 0.9967 - val_loss: 0.0958 - val_acc: 0.9827
Epoch 31/100
 - 15s - loss: 0.0108 - acc: 0.9966 - val_loss: 0.1029 - val_acc: 0.9824
Epoch 32/100
 - 12s - loss: 0.0137 - acc: 0.9958 - val_loss: 0.0902 - val_acc: 0.9836
Epoch 33/100
 - 13s - loss: 0.0116 - acc: 0.9965 - val_loss: 0.0991 - val_acc: 0.9842
Epoch 34/100
 - 14s - loss: 0.0141 - acc: 0.9958 - val_loss: 0.0918 - val_acc: 0.9829
Epoch 35/100
 - 12s - loss: 0.0099 - acc: 0.9968 - val_loss: 0.0994 - val_acc: 0.9836
('Test accuracy:', 0.98399999999999999)
##########################

